09-Apr-2026 18:45:07.737 INFO [main] org.apache.catalina.startup.VersionLoggerListener.log Nombre de la versión del servidor: Apache Tomcat/11.0.21
09-Apr-2026 18:45:07.741 INFO [main] org.apache.catalina.startup.VersionLoggerListener.log Server built:                      Mar 30 2026 14:59:44 UTC
09-Apr-2026 18:45:07.742 INFO [main] org.apache.catalina.startup.VersionLoggerListener.log Número de versión de servidor:     11.0.21.0
09-Apr-2026 18:45:07.742 INFO [main] org.apache.catalina.startup.VersionLoggerListener.log OS Name:                           Windows 11
09-Apr-2026 18:45:07.742 INFO [main] org.apache.catalina.startup.VersionLoggerListener.log Versión de Systema Operativo:      10.0
09-Apr-2026 18:45:07.744 INFO [main] org.apache.catalina.startup.VersionLoggerListener.log Arquitectura:                      amd64
09-Apr-2026 18:45:07.745 INFO [main] org.apache.catalina.startup.VersionLoggerListener.log Java Home:                         C:\Users\gabye\.jdks\openjdk-26
09-Apr-2026 18:45:07.745 INFO [main] org.apache.catalina.startup.VersionLoggerListener.log JVM Version:                       26+35-2893
09-Apr-2026 18:45:07.745 INFO [main] org.apache.catalina.startup.VersionLoggerListener.log Vededor JVM:                       Oracle Corporation
09-Apr-2026 18:45:07.745 INFO [main] org.apache.catalina.startup.VersionLoggerListener.log CATALINA_BASE:                     C:\Sexto Semestre\Metodologías Ágiles\Proyecto\Codigo
09-Apr-2026 18:45:07.745 INFO [main] org.apache.catalina.startup.VersionLoggerListener.log CATALINA_HOME:                     C:\Program Files\JavaFX\apache-tomcat-11.0.21
09-Apr-2026 18:45:07.767 INFO [main] org.apache.catalina.startup.VersionLoggerListener.log Command line argument:             --add-opens=java.base/java.lang=ALL-UNNAMED
09-Apr-2026 18:45:07.767 INFO [main] org.apache.catalina.startup.VersionLoggerListener.log Command line argument:             --add-opens=java.base/java.io=ALL-UNNAMED
09-Apr-2026 18:45:07.767 INFO [main] org.apache.catalina.startup.VersionLoggerListener.log Command line argument:             --add-opens=java.base/java.util=ALL-UNNAMED
09-Apr-2026 18:45:07.768 INFO [main] org.apache.catalina.startup.VersionLoggerListener.log Command line argument:             --add-opens=java.base/java.util.concurrent=ALL-UNNAMED
09-Apr-2026 18:45:07.768 INFO [main] org.apache.catalina.startup.VersionLoggerListener.log Command line argument:             --add-opens=java.rmi/sun.rmi.transport=ALL-UNNAMED
09-Apr-2026 18:45:07.768 INFO [main] org.apache.catalina.startup.VersionLoggerListener.log Command line argument:             -Dcatalina.home=C:\Program Files\JavaFX\apache-tomcat-11.0.21
09-Apr-2026 18:45:07.768 INFO [main] org.apache.catalina.startup.VersionLoggerListener.log Command line argument:             -Dcatalina.base=C:\Sexto Semestre\Metodologías Ágiles\Proyecto\Codigo
09-Apr-2026 18:45:07.768 INFO [main] org.apache.catalina.startup.VersionLoggerListener.log Command line argument:             -Djava.io.tmpdir=C:\Sexto Semestre\Metodologías Ágiles\Proyecto\Codigo\temp
09-Apr-2026 18:45:07.768 INFO [main] org.apache.catalina.startup.VersionLoggerListener.log Command line argument:             -Djava.util.logging.config.file=C:\Sexto Semestre\Metodologías Ágiles\Proyecto\Codigo\conf\logging.properties
09-Apr-2026 18:45:07.768 INFO [main] org.apache.catalina.startup.VersionLoggerListener.log Command line argument:             -Djava.util.logging.manager=org.apache.juli.ClassLoaderLogManager
09-Apr-2026 18:45:07.768 INFO [main] org.apache.catalina.startup.VersionLoggerListener.log Command line argument:             -javaagent:C:\Program Files\JetBrains\IntelliJ IDEA 2026.1\lib\idea_rt.jar=65286
09-Apr-2026 18:45:07.768 INFO [main] org.apache.catalina.startup.VersionLoggerListener.log Command line argument:             -Dfile.encoding=UTF-8
09-Apr-2026 18:45:07.768 INFO [main] org.apache.catalina.startup.VersionLoggerListener.log Command line argument:             -Dsun.stdout.encoding=UTF-8
09-Apr-2026 18:45:07.769 INFO [main] org.apache.catalina.startup.VersionLoggerListener.log Command line argument:             -Dsun.stderr.encoding=UTF-8
09-Apr-2026 18:45:07.780 INFO [main] org.apache.catalina.core.AprLifecycleListener.lifecycleEvent Cargada la biblioteca nativa APR de Apache Tomcat [2.0.14] con la versión APR [1.7.6].
09-Apr-2026 18:45:07.805 INFO [main] org.apache.catalina.core.AprLifecycleListener.initializeSSL OpenSSL inicializado correctamente [OpenSSL 3.5.5 27 Jan 2026]
09-Apr-2026 18:45:08.258 INFO [main] org.apache.coyote.AbstractProtocol.init Inicializando el manejador de protocolo ["http-nio-8080"]

09-Apr-2026 18:45:08.285 INFO [main] org.apache.catalina.startup.Catalina.load Server initialization in [855] milliseconds
09-Apr-2026 18:45:08.365 INFO [main] org.apache.catalina.core.StandardService.startInternal Arrancando servicio [Catalina]
09-Apr-2026 18:45:08.365 INFO [main] org.apache.catalina.core.StandardEngine.startInternal Starting Servlet engine: [Apache Tomcat/11.0.21]
09-Apr-2026 18:45:08.386 INFO [main] org.apache.catalina.startup.HostConfig.deployDescriptor Desplieque del descriptor de configuración [C:\Sexto Semestre\Metodologías Ágiles\Proyecto\Codigo\conf\Catalina\localhost\GR06_1BT3_622_26A.xml]
09-Apr-2026 18:45:08.909 INFO [main] org.apache.catalina.startup.HostConfig.deployDescriptor Deployment of deployment descriptor [C:\Sexto Semestre\Metodologías Ágiles\Proyecto\Codigo\conf\Catalina\localhost\GR06_1BT3_622_26A.xml] has finished in [508] ms
09-Apr-2026 18:45:08.919 INFO [main] org.apache.coyote.AbstractProtocol.start Starting ProtocolHandler ["http-nio-8080"]
09-Apr-2026 18:45:08.966 INFO [main] org.apache.catalina.startup.Catalina.start Server startup in [679] milliseconds
09-Apr-2026 19:42:16.718 INFO [Thread-1] org.apache.coyote.AbstractProtocol.pause Pausing ProtocolHandler ["http-nio-8080"]
09-Apr-2026 19:42:16.727 INFO [Thread-1] org.apache.catalina.core.StandardService.stopInternal Parando servicio [Catalina]
09-Apr-2026 19:42:16.739 INFO [Thread-1] org.apache.coyote.AbstractProtocol.stop Stopping ProtocolHandler ["http-nio-8080"]
09-Apr-2026 19:42:16.751 INFO [Thread-1] org.apache.coyote.AbstractProtocol.destroy Destroying ProtocolHandler ["http-nio-8080"]
